  [1m[36mSQL (10.2ms)[0m  [1m SELECT name
 FROM sqlite_master
 WHERE type = 'table' AND NOT name = 'sqlite_sequence'
[0m
  [1m[35mSQL (0.2ms)[0m  select sqlite_version(*)
  [1m[36mSQL (1.7ms)[0m  [1mCREATE TABLE "schema_migrations" ("version" varchar(255) NOT NULL) [0m
  [1m[35mSQL (0.1ms)[0m  PRAGMA index_list("schema_migrations")
  [1m[36mSQL (14.4ms)[0m  [1mCREATE UNIQUE INDEX "unique_schema_migrations" ON "schema_migrations" ("version")[0m
  [1m[35mSQL (0.4ms)[0m   SELECT name
 FROM sqlite_master
 WHERE type = 'table' AND NOT name = 'sqlite_sequence'
  [1m[36mSQL (0.2ms)[0m  [1m SELECT name
 FROM sqlite_master
 WHERE type = 'table' AND NOT name = 'sqlite_sequence'
[0m
  [1m[35mSQL (0.1ms)[0m  SELECT "schema_migrations"."version" FROM "schema_migrations"
Migrating to CreateUsers (20101002125526)
  [1m[36mSQL (0.5ms)[0m  [1mCREATE TABLE "users" ("id" INTEGER PRIMARY KEY AUTOINCREMENT NOT NULL, "email" varchar(255), "name" varchar(255), "passwd" varchar(255), "created_at" datetime, "updated_at" datetime) [0m
  [1m[35mSQL (0.1ms)[0m  INSERT INTO "schema_migrations" ("version") VALUES ('20101002125526')
  [1m[36mSQL (0.2ms)[0m  [1m SELECT name
 FROM sqlite_master
 WHERE type = 'table' AND NOT name = 'sqlite_sequence'
[0m
  [1m[35mSQL (0.1ms)[0m  SELECT "schema_migrations"."version" FROM "schema_migrations"
  [1m[36mSQL (0.1ms)[0m  [1m SELECT name
 FROM sqlite_master
 WHERE type = 'table' AND NOT name = 'sqlite_sequence'
[0m
  [1m[35mSQL (0.0ms)[0m  PRAGMA index_list("users")


Started GET "/Users" for 127.0.0.1 at 2010-10-02 14:55:44 +0200

ActionController::RoutingError (No route matches "/Users"):
  

Rendered /Users/len/.rvm/gems/ruby-1.9.2-head/gems/actionpack-3.0.0/lib/action_dispatch/middleware/templates/rescues/routing_error.erb within rescues/layout (1.0ms)


Started GET "/users" for 127.0.0.1 at 2010-10-02 14:55:51 +0200
  Processing by UsersController#index as HTML
Completed   in 4ms

NameError (uninitialized constant UsersController::User):
  app/controllers/users_controller.rb:5:in `index'

Rendered /Users/len/.rvm/gems/ruby-1.9.2-head/gems/actionpack-3.0.0/lib/action_dispatch/middleware/templates/rescues/_trace.erb (1.0ms)
Rendered /Users/len/.rvm/gems/ruby-1.9.2-head/gems/actionpack-3.0.0/lib/action_dispatch/middleware/templates/rescues/_request_and_response.erb (2.0ms)
Rendered /Users/len/.rvm/gems/ruby-1.9.2-head/gems/actionpack-3.0.0/lib/action_dispatch/middleware/templates/rescues/diagnostics.erb within rescues/layout (6.7ms)


Started GET "/users" for 127.0.0.1 at 2010-10-02 14:56:03 +0200
  Processing by UsersController#index as HTML
  [1m[36mSQL (0.6ms)[0m  [1m SELECT name
 FROM sqlite_master
 WHERE type = 'table' AND NOT name = 'sqlite_sequence'
[0m
  [1m[35mUser Load (0.1ms)[0m  SELECT "users".* FROM "users"
Rendered users/index.html.erb within layouts/application (2.2ms)
Completed 200 OK in 71ms (Views: 6.1ms | ActiveRecord: 0.7ms)


Started GET "/users/new" for 127.0.0.1 at 2010-10-02 14:56:09 +0200
  Processing by UsersController#new as HTML
Rendered users/_form.html.erb (37.1ms)
Rendered users/new.html.erb within layouts/application (40.6ms)
Completed 200 OK in 52ms (Views: 43.9ms | ActiveRecord: 0.0ms)


Started GET "/users/new" for 127.0.0.1 at 2010-10-02 14:56:33 +0200
  Processing by UsersController#new as HTML
Rendered users/_form.html.erb (6.4ms)
Rendered users/new.html.erb within layouts/application (9.1ms)
Completed 200 OK in 20ms (Views: 12.2ms | ActiveRecord: 0.0ms)


Started GET "/users/new" for 127.0.0.1 at 2010-10-02 15:22:53 +0200
  Processing by UsersController#new as HTML
Rendered users/_form.html.erb (40.3ms)
Rendered users/new.html.erb within layouts/application (45.1ms)
Completed 200 OK in 70ms (Views: 50.5ms | ActiveRecord: 0.0ms)
  [1m[36mSQL (1.1ms)[0m  [1m SELECT name
 FROM sqlite_master
 WHERE type = 'table' AND NOT name = 'sqlite_sequence'
[0m
  [1m[35mSQL (0.3ms)[0m   SELECT name
 FROM sqlite_master
 WHERE type = 'table' AND NOT name = 'sqlite_sequence'
  [1m[36mSQL (0.1ms)[0m  [1mSELECT "schema_migrations"."version" FROM "schema_migrations"[0m
Migrating to CreateUsers (20101002125526)
Migrating to CreateLists (20101002132312)
  [1m[35mSQL (0.1ms)[0m  select sqlite_version(*)
  [1m[36mSQL (0.4ms)[0m  [1mCREATE TABLE "lists" ("id" INTEGER PRIMARY KEY AUTOINCREMENT NOT NULL, "name" varchar(255), "created_at" datetime, "updated_at" datetime) [0m
  [1m[35mSQL (0.2ms)[0m  INSERT INTO "schema_migrations" ("version") VALUES ('20101002132312')
Migrating to CreateItems (20101002132335)
  [1m[36mSQL (0.4ms)[0m  [1mCREATE TABLE "items" ("id" INTEGER PRIMARY KEY AUTOINCREMENT NOT NULL, "text" varchar(255), "created_at" datetime, "updated_at" datetime) [0m
  [1m[35mSQL (0.5ms)[0m  INSERT INTO "schema_migrations" ("version") VALUES ('20101002132335')
Migrating to DeviseCreateModels (20101002135827)
  [1m[36mSQL (0.6ms)[0m  [1mCREATE TABLE "models" ("id" INTEGER PRIMARY KEY AUTOINCREMENT NOT NULL, "email" varchar(255) DEFAULT '' NOT NULL, "encrypted_password" varchar(128) DEFAULT '' NOT NULL, "password_salt" varchar(255) DEFAULT '' NOT NULL, "reset_password_token" varchar(255), "remember_token" varchar(255), "remember_created_at" datetime, "sign_in_count" integer DEFAULT 0, "current_sign_in_at" datetime, "last_sign_in_at" datetime, "current_sign_in_ip" varchar(255), "last_sign_in_ip" varchar(255), "created_at" datetime, "updated_at" datetime) [0m
  [1m[35mSQL (0.0ms)[0m  PRAGMA index_list("models")
  [1m[36mSQL (0.5ms)[0m  [1mCREATE UNIQUE INDEX "index_models_on_email" ON "models" ("email")[0m
  [1m[35mSQL (0.1ms)[0m  PRAGMA index_list("models")
  [1m[36mSQL (1.1ms)[0m  [1mPRAGMA index_info('index_models_on_email')[0m
  [1m[35mSQL (0.9ms)[0m  CREATE UNIQUE INDEX "index_models_on_reset_password_token" ON "models" ("reset_password_token")
  [1m[36mSQL (0.5ms)[0m  [1mINSERT INTO "schema_migrations" ("version") VALUES ('20101002135827')[0m
Migrating to DeviseCreateUsers (20101002135852)
  [1m[35mSQL (0.2ms)[0m  CREATE TABLE "users" ("id" INTEGER PRIMARY KEY AUTOINCREMENT NOT NULL, "email" varchar(255) DEFAULT '' NOT NULL, "encrypted_password" varchar(128) DEFAULT '' NOT NULL, "password_salt" varchar(255) DEFAULT '' NOT NULL, "created_at" datetime, "updated_at" datetime) 
SQLite3::SQLException: table "users" already exists: CREATE TABLE "users" ("id" INTEGER PRIMARY KEY AUTOINCREMENT NOT NULL, "email" varchar(255) DEFAULT '' NOT NULL, "encrypted_password" varchar(128) DEFAULT '' NOT NULL, "password_salt" varchar(255) DEFAULT '' NOT NULL, "created_at" datetime, "updated_at" datetime) 
  [1m[36mSQL (1.3ms)[0m  [1m SELECT name
 FROM sqlite_master
 WHERE type = 'table' AND NOT name = 'sqlite_sequence'
[0m
  [1m[35mSQL (0.3ms)[0m   SELECT name
 FROM sqlite_master
 WHERE type = 'table' AND NOT name = 'sqlite_sequence'
  [1m[36mSQL (0.3ms)[0m  [1mSELECT "schema_migrations"."version" FROM "schema_migrations"[0m
Migrating to CreateUsers (20101002125526)
Migrating to CreateLists (20101002132312)
Migrating to CreateItems (20101002132335)
Migrating to DeviseCreateModels (20101002135827)
Migrating to DeviseCreateUsers (20101002135852)
  [1m[35mSQL (0.6ms)[0m  select sqlite_version(*)
  [1m[36mSQL (0.7ms)[0m  [1mDROP TABLE "users"[0m
  [1m[35mSQL (1.9ms)[0m  CREATE TABLE "users" ("id" INTEGER PRIMARY KEY AUTOINCREMENT NOT NULL, "email" varchar(255) DEFAULT '' NOT NULL, "encrypted_password" varchar(128) DEFAULT '' NOT NULL, "password_salt" varchar(255) DEFAULT '' NOT NULL, "created_at" datetime, "updated_at" datetime) 
  [1m[36mSQL (0.1ms)[0m  [1mPRAGMA index_list("users")[0m
  [1m[35mSQL (0.3ms)[0m  CREATE UNIQUE INDEX "index_users_on_email" ON "users" ("email")
  [1m[36mSQL (0.7ms)[0m  [1mPRAGMA index_list("users")[0m
  [1m[35mSQL (0.1ms)[0m  PRAGMA index_info('index_users_on_email')
  [1m[36mSQL (0.2ms)[0m  [1mCREATE UNIQUE INDEX "index_users_on_reset_password_token" ON "users" ("reset_password_token")[0m
SQLite3::SQLException: table users has no column named reset_password_token: CREATE UNIQUE INDEX "index_users_on_reset_password_token" ON "users" ("reset_password_token")
  [1m[36mSQL (2.1ms)[0m  [1m SELECT name
 FROM sqlite_master
 WHERE type = 'table' AND NOT name = 'sqlite_sequence'
[0m
  [1m[35mSQL (2.0ms)[0m   SELECT name
 FROM sqlite_master
 WHERE type = 'table' AND NOT name = 'sqlite_sequence'
  [1m[36mSQL (0.2ms)[0m  [1mSELECT "schema_migrations"."version" FROM "schema_migrations"[0m
Migrating to CreateUsers (20101002125526)
Migrating to CreateLists (20101002132312)
Migrating to CreateItems (20101002132335)
Migrating to DeviseCreateModels (20101002135827)
Migrating to DeviseCreateUsers (20101002135852)
  [1m[35mSQL (0.1ms)[0m  select sqlite_version(*)
  [1m[36mSQL (2.0ms)[0m  [1mDROP TABLE "users"[0m
  [1m[35mSQL (1.0ms)[0m  CREATE TABLE "users" ("id" INTEGER PRIMARY KEY AUTOINCREMENT NOT NULL, "email" varchar(255) DEFAULT '' NOT NULL, "encrypted_password" varchar(128) DEFAULT '' NOT NULL, "password_salt" varchar(255) DEFAULT '' NOT NULL, "created_at" datetime, "updated_at" datetime) 
  [1m[36mSQL (0.1ms)[0m  [1mPRAGMA index_list("users")[0m
  [1m[35mSQL (0.3ms)[0m  CREATE UNIQUE INDEX "index_users_on_email" ON "users" ("email")
  [1m[36mSQL (0.2ms)[0m  [1mINSERT INTO "schema_migrations" ("version") VALUES ('20101002135852')[0m
  [1m[35mSQL (5.8ms)[0m   SELECT name
 FROM sqlite_master
 WHERE type = 'table' AND NOT name = 'sqlite_sequence'
  [1m[36mSQL (0.3ms)[0m  [1mSELECT "schema_migrations"."version" FROM "schema_migrations"[0m
  [1m[35mSQL (0.2ms)[0m   SELECT name
 FROM sqlite_master
 WHERE type = 'table' AND NOT name = 'sqlite_sequence'
  [1m[36mSQL (2.5ms)[0m  [1mPRAGMA index_list("items")[0m
  [1m[35mSQL (0.1ms)[0m  PRAGMA index_list("lists")
  [1m[36mSQL (0.1ms)[0m  [1mPRAGMA index_list("models")[0m
  [1m[35mSQL (0.1ms)[0m  PRAGMA index_info('index_models_on_reset_password_token')
  [1m[36mSQL (0.1ms)[0m  [1mPRAGMA index_info('index_models_on_email')[0m
  [1m[35mSQL (0.1ms)[0m  PRAGMA index_list("users")
  [1m[36mSQL (0.1ms)[0m  [1mPRAGMA index_info('index_users_on_email')[0m


Started GET "/users" for 127.0.0.1 at 2010-10-02 16:05:32 +0200
  Processing by UsersController#index as HTML
  [1m[36mSQL (1.6ms)[0m  [1m SELECT name
 FROM sqlite_master
 WHERE type = 'table' AND NOT name = 'sqlite_sequence'
[0m
  [1m[35mUser Load (0.6ms)[0m  SELECT "users".* FROM "users"
Rendered users/index.html.erb within layouts/application (3.8ms)
Completed 200 OK in 162ms (Views: 11.9ms | ActiveRecord: 2.2ms)


Started GET "/users/sign_up" for 127.0.0.1 at 2010-10-02 16:06:21 +0200
  Processing by Devise::RegistrationsController#new as HTML
Rendered /home/robert/.rvm/gems/ruby-1.9.2-head/gems/devise-1.1.3/app/views/devise/shared/_links.erb (2.7ms)
Rendered /home/robert/.rvm/gems/ruby-1.9.2-head/gems/devise-1.1.3/app/views/devise/registrations/new.html.erb within layouts/application (21.9ms)
Completed 200 OK in 56ms (Views: 31.6ms | ActiveRecord: 0.0ms)


Started POST "/users" for 127.0.0.1 at 2010-10-02 16:06:32 +0200
  Processing by Devise::RegistrationsController#create as HTML
  Parameters: {"utf8"=>"âœ“", "authenticity_token"=>"8heJJk6DgbaXU5xlZqNvF8+2hQVO4WMoApR/r3DzNbE=", "user"=>{"email"=>"robert@icomp.co.za", "password"=>"[FILTERED]", "password_confirmation"=>"[FILTERED]"}, "commit"=>"Sign up"}
  [1m[36mSQL (0.9ms)[0m  [1mINSERT INTO "users" ("created_at", "email", "encrypted_password", "password_salt", "updated_at") VALUES ('2010-10-02 14:06:32.743472', 'robert@icomp.co.za', '$2a$10$ZGomISf6ZQOkrBqL7x/5yeTA03u10dCaxLdQ6BK/wlta6V2aHCBHm', '$2a$10$ZGomISf6ZQOkrBqL7x/5ye', '2010-10-02 14:06:32.743472')[0m
Completed   in 310ms

NameError (undefined local variable or method `root_path' for #<Devise::RegistrationsController:0x9039b6c>):
  

Rendered /home/robert/.rvm/gems/ruby-1.9.2-head/gems/actionpack-3.0.0/lib/action_dispatch/middleware/templates/rescues/_trace.erb (1.4ms)
Rendered /home/robert/.rvm/gems/ruby-1.9.2-head/gems/actionpack-3.0.0/lib/action_dispatch/middleware/templates/rescues/_request_and_response.erb (130.9ms)
Rendered /home/robert/.rvm/gems/ruby-1.9.2-head/gems/actionpack-3.0.0/lib/action_dispatch/middleware/templates/rescues/diagnostics.erb within rescues/layout (155.2ms)


Started GET "/users" for 127.0.0.1 at 2010-10-02 16:10:19 +0200
  Processing by UsersController#index as HTML
  [1m[36mSQL (5.9ms)[0m  [1m SELECT name
 FROM sqlite_master
 WHERE type = 'table' AND NOT name = 'sqlite_sequence'
[0m
  [1m[35mUser Load (0.2ms)[0m  SELECT "users".* FROM "users"
Rendered users/index.html.erb within layouts/application (40.9ms)
Completed   in 124ms

ActionView::Template::Error (undefined method `name' for #<User:0xa074888>):
    13: <% @users.each do |user| %>
    14:   <tr>
    15:     <td><%= user.email %></td>
    16:     <td><%= user.name %></td>
    17:     <td><%= user.passwd %></td>
    18:     <td><%= link_to 'Show', user %></td>
    19:     <td><%= link_to 'Edit', edit_user_path(user) %></td>
  app/views/users/index.html.erb:16:in `block in _app_views_users_index_html_erb___231997458_84107730__768162670'
  app/views/users/index.html.erb:13:in `each'
  app/views/users/index.html.erb:13:in `_app_views_users_index_html_erb___231997458_84107730__768162670'
  app/controllers/users_controller.rb:7:in `index'

Rendered /home/robert/.rvm/gems/ruby-1.9.2-head/gems/actionpack-3.0.0/lib/action_dispatch/middleware/templates/rescues/_trace.erb (1.6ms)
Rendered /home/robert/.rvm/gems/ruby-1.9.2-head/gems/actionpack-3.0.0/lib/action_dispatch/middleware/templates/rescues/_request_and_response.erb (123.3ms)
Rendered /home/robert/.rvm/gems/ruby-1.9.2-head/gems/actionpack-3.0.0/lib/action_dispatch/middleware/templates/rescues/template_error.erb within rescues/layout (131.2ms)
  [1m[36mSQL (3.5ms)[0m  [1m SELECT name
 FROM sqlite_master
 WHERE type = 'table' AND NOT name = 'sqlite_sequence'
[0m
  [1m[35mSQL (0.3ms)[0m   SELECT name
 FROM sqlite_master
 WHERE type = 'table' AND NOT name = 'sqlite_sequence'
  [1m[36mSQL (0.2ms)[0m  [1mSELECT "schema_migrations"."version" FROM "schema_migrations"[0m
Migrating to CreateUsers (20101002125526)
Migrating to CreateLists (20101002132312)
Migrating to CreateItems (20101002132335)
Migrating to DeviseCreateModels (20101002135827)
Migrating to DeviseCreateUsers (20101002135852)
Migrating to AddNameToUser (20101002141441)
  [1m[35mSQL (0.1ms)[0m  select sqlite_version(*)
  [1m[36mSQL (2.6ms)[0m  [1mALTER TABLE "users" ADD "name" varchar(255)[0m
  [1m[35mSQL (10.1ms)[0m  INSERT INTO "schema_migrations" ("version") VALUES ('20101002141441')
  [1m[36mSQL (0.3ms)[0m  [1m SELECT name
 FROM sqlite_master
 WHERE type = 'table' AND NOT name = 'sqlite_sequence'
[0m
  [1m[35mSQL (0.2ms)[0m  SELECT "schema_migrations"."version" FROM "schema_migrations"
  [1m[36mSQL (0.2ms)[0m  [1m SELECT name
 FROM sqlite_master
 WHERE type = 'table' AND NOT name = 'sqlite_sequence'
[0m
  [1m[35mSQL (0.1ms)[0m  PRAGMA index_list("items")
  [1m[36mSQL (0.0ms)[0m  [1mPRAGMA index_list("lists")[0m
  [1m[35mSQL (0.1ms)[0m  PRAGMA index_list("models")
  [1m[36mSQL (0.1ms)[0m  [1mPRAGMA index_info('index_models_on_reset_password_token')[0m
  [1m[35mSQL (0.1ms)[0m  PRAGMA index_info('index_models_on_email')
  [1m[36mSQL (0.1ms)[0m  [1mPRAGMA index_list("users")[0m
  [1m[35mSQL (0.0ms)[0m  PRAGMA index_info('index_users_on_email')


Started GET "/users" for 127.0.0.1 at 2010-10-02 16:15:15 +0200
  Processing by UsersController#index as HTML
  [1m[36mSQL (3.9ms)[0m  [1m SELECT name
 FROM sqlite_master
 WHERE type = 'table' AND NOT name = 'sqlite_sequence'
[0m
  [1m[35mUser Load (0.4ms)[0m  SELECT "users".* FROM "users"
Rendered users/index.html.erb within layouts/application (46.9ms)
Completed   in 167ms

ActionView::Template::Error (undefined method `passwd' for #<User:0xa714918>):
    14:   <tr>
    15:     <td><%= user.email %></td>
    16:     <td><%= user.name %></td>
    17:     <td><%= user.passwd %></td>
    18:     <td><%= link_to 'Show', user %></td>
    19:     <td><%= link_to 'Edit', edit_user_path(user) %></td>
    20:     <td><%= link_to 'Destroy', user, :confirm => 'Are you sure?', :method => :delete %></td>
  app/views/users/index.html.erb:17:in `block in _app_views_users_index_html_erb___177930381_87581480_577458656'
  app/views/users/index.html.erb:13:in `each'
  app/views/users/index.html.erb:13:in `_app_views_users_index_html_erb___177930381_87581480_577458656'
  app/controllers/users_controller.rb:7:in `index'

Rendered /home/robert/.rvm/gems/ruby-1.9.2-head/gems/actionpack-3.0.0/lib/action_dispatch/middleware/templates/rescues/_trace.erb (5.6ms)
Rendered /home/robert/.rvm/gems/ruby-1.9.2-head/gems/actionpack-3.0.0/lib/action_dispatch/middleware/templates/rescues/_request_and_response.erb (147.7ms)
Rendered /home/robert/.rvm/gems/ruby-1.9.2-head/gems/actionpack-3.0.0/lib/action_dispatch/middleware/templates/rescues/template_error.erb within rescues/layout (160.1ms)


Started GET "/users" for 127.0.0.1 at 2010-10-02 16:16:47 +0200
  Processing by UsersController#index as HTML
  [1m[36mSQL (4.7ms)[0m  [1m SELECT name
 FROM sqlite_master
 WHERE type = 'table' AND NOT name = 'sqlite_sequence'
[0m
  [1m[35mUser Load (0.4ms)[0m  SELECT "users".* FROM "users"
Rendered users/index.html.erb within layouts/application (16.9ms)
Completed 200 OK in 107ms (Views: 22.9ms | ActiveRecord: 5.1ms)


Started GET "/users" for 127.0.0.1 at 2010-10-02 16:16:50 +0200
  Processing by UsersController#index as HTML
  [1m[36mUser Load (4.0ms)[0m  [1mSELECT "users".* FROM "users"[0m
Rendered users/index.html.erb within layouts/application (53.7ms)
Completed 200 OK in 180ms (Views: 64.8ms | ActiveRecord: 4.0ms)


Started GET "/users/sign_up" for 127.0.0.1 at 2010-10-02 16:16:58 +0200
  Processing by Devise::RegistrationsController#new as HTML
Rendered /home/robert/.rvm/gems/ruby-1.9.2-head/gems/devise-1.1.3/app/views/devise/shared/_links.erb (8.1ms)
Rendered /home/robert/.rvm/gems/ruby-1.9.2-head/gems/devise-1.1.3/app/views/devise/registrations/new.html.erb within layouts/application (42.6ms)
Completed 200 OK in 70ms (Views: 51.6ms | ActiveRecord: 0.0ms)


Started POST "/users" for 127.0.0.1 at 2010-10-02 16:17:06 +0200
  Processing by Devise::RegistrationsController#create as HTML
  Parameters: {"utf8"=>"âœ“", "authenticity_token"=>"8heJJk6DgbaXU5xlZqNvF8+2hQVO4WMoApR/r3DzNbE=", "user"=>{"email"=>"new@user.com", "password"=>"[FILTERED]", "password_confirmation"=>"[FILTERED]"}, "commit"=>"Sign up"}
  [1m[35mSQL (1.5ms)[0m  INSERT INTO "users" ("created_at", "email", "encrypted_password", "name", "password_salt", "updated_at") VALUES ('2010-10-02 14:17:06.508414', 'new@user.com', '$2a$10$kM8/xdZcsML.9BgL21bfMe4KMrAG8uE.SYwwD7Ki2N0cJ91tx2PJq', NULL, '$2a$10$kM8/xdZcsML.9BgL21bfMe', '2010-10-02 14:17:06.508414')
Redirected to http://localhost:3000/
Completed 302 Found in 356ms


Started GET "/users/new" for 127.0.0.1 at 2010-10-02 16:17:41 +0200

ArgumentError (missing :action):
  config/routes.rb:12:in `block in <top (required)>'
  config/routes.rb:1:in `<top (required)>'

Rendered /home/robert/.rvm/gems/ruby-1.9.2-head/gems/actionpack-3.0.0/lib/action_dispatch/middleware/templates/rescues/_trace.erb (1.0ms)
Rendered /home/robert/.rvm/gems/ruby-1.9.2-head/gems/actionpack-3.0.0/lib/action_dispatch/middleware/templates/rescues/_request_and_response.erb (1.4ms)
Rendered /home/robert/.rvm/gems/ruby-1.9.2-head/gems/actionpack-3.0.0/lib/action_dispatch/middleware/templates/rescues/diagnostics.erb within rescues/layout (8.4ms)


Started GET "/users/sign_up" for 127.0.0.1 at 2010-10-02 16:17:45 +0200
  Processing by Devise::RegistrationsController#new as HTML
  [1m[36mUser Load (0.6ms)[0m  [1mSELECT "users".* FROM "users" WHERE ("users"."id" = 2) LIMIT 1[0m
Completed   in 67ms

ActionController::RoutingError (No route matches {:controller=>"users"}):
  

Rendered /home/robert/.rvm/gems/ruby-1.9.2-head/gems/actionpack-3.0.0/lib/action_dispatch/middleware/templates/rescues/routing_error.erb within rescues/layout (1.4ms)


Started GET "/users/sign_up" for 127.0.0.1 at 2010-10-02 16:17:50 +0200
  Processing by Devise::RegistrationsController#new as HTML
  [1m[35mUser Load (0.4ms)[0m  SELECT "users".* FROM "users" WHERE ("users"."id" = 2) LIMIT 1
Completed   in 46ms

ActionController::RoutingError (No route matches {:controller=>"users"}):
  

Rendered /home/robert/.rvm/gems/ruby-1.9.2-head/gems/actionpack-3.0.0/lib/action_dispatch/middleware/templates/rescues/routing_error.erb within rescues/layout (2.0ms)


Started GET "/user/sign_up" for 127.0.0.1 at 2010-10-02 16:17:55 +0200

ActionController::RoutingError (No route matches "/user/sign_up"):
  

Rendered /home/robert/.rvm/gems/ruby-1.9.2-head/gems/actionpack-3.0.0/lib/action_dispatch/middleware/templates/rescues/routing_error.erb within rescues/layout (2.4ms)


Started GET "/users" for 127.0.0.1 at 2010-10-02 16:18:09 +0200
  Processing by UsersController#index as HTML
  [1m[36mUser Load (6.2ms)[0m  [1mSELECT "users".* FROM "users"[0m
Rendered users/index.html.erb within layouts/application (16.0ms)
Completed 200 OK in 100ms (Views: 22.9ms | ActiveRecord: 7.2ms)


Started GET "/users/sign_up" for 127.0.0.1 at 2010-10-02 16:18:13 +0200
  Processing by Devise::RegistrationsController#new as HTML
  [1m[35mUser Load (0.1ms)[0m  SELECT "users".* FROM "users" WHERE ("users"."id" = 2) LIMIT 1
Completed   in 100ms

ActionController::RoutingError (No route matches {:controller=>"users"}):
  

Rendered /home/robert/.rvm/gems/ruby-1.9.2-head/gems/actionpack-3.0.0/lib/action_dispatch/middleware/templates/rescues/routing_error.erb within rescues/layout (0.5ms)


Started GET "/users/sign_up" for 127.0.0.1 at 2010-10-02 16:18:51 +0200

ArgumentError (missing :action):
  config/routes.rb:8:in `block in <top (required)>'
  config/routes.rb:1:in `<top (required)>'

Rendered /home/robert/.rvm/gems/ruby-1.9.2-head/gems/actionpack-3.0.0/lib/action_dispatch/middleware/templates/rescues/_trace.erb (4.0ms)
Rendered /home/robert/.rvm/gems/ruby-1.9.2-head/gems/actionpack-3.0.0/lib/action_dispatch/middleware/templates/rescues/_request_and_response.erb (4.1ms)
Rendered /home/robert/.rvm/gems/ruby-1.9.2-head/gems/actionpack-3.0.0/lib/action_dispatch/middleware/templates/rescues/diagnostics.erb within rescues/layout (13.2ms)


Started GET "/user/sign_up" for 127.0.0.1 at 2010-10-02 16:18:59 +0200

ActionController::RoutingError (No route matches "/user/sign_up"):
  

Rendered /home/robert/.rvm/gems/ruby-1.9.2-head/gems/actionpack-3.0.0/lib/action_dispatch/middleware/templates/rescues/routing_error.erb within rescues/layout (1.4ms)


Started GET "/users/sign_up" for 127.0.0.1 at 2010-10-02 16:19:26 +0200
  Processing by Devise::RegistrationsController#new as HTML
  [1m[36mUser Load (0.5ms)[0m  [1mSELECT "users".* FROM "users" WHERE ("users"."id" = 2) LIMIT 1[0m
Completed   in 17ms

ActionController::RoutingError (No route matches {:controller=>"users"}):
  

Rendered /home/robert/.rvm/gems/ruby-1.9.2-head/gems/actionpack-3.0.0/lib/action_dispatch/middleware/templates/rescues/routing_error.erb within rescues/layout (1.0ms)


Started GET "/users/sign_up" for 127.0.0.1 at 2010-10-02 16:19:54 +0200
  Processing by Devise::RegistrationsController#new as HTML
  [1m[35mUser Load (2.6ms)[0m  SELECT "users".* FROM "users" WHERE ("users"."id" = 2) LIMIT 1
Completed   in 19ms

ActionController::RoutingError (No route matches {:controller=>"users"}):
  

Rendered /home/robert/.rvm/gems/ruby-1.9.2-head/gems/actionpack-3.0.0/lib/action_dispatch/middleware/templates/rescues/routing_error.erb within rescues/layout (1.2ms)


Started GET "/users/sign_up" for 127.0.0.1 at 2010-10-02 16:20:06 +0200
  Processing by Devise::RegistrationsController#new as HTML
  [1m[36mSQL (5.3ms)[0m  [1m SELECT name
 FROM sqlite_master
 WHERE type = 'table' AND NOT name = 'sqlite_sequence'
[0m
  [1m[35mUser Load (1.4ms)[0m  SELECT "users".* FROM "users" WHERE ("users"."id" = 2) LIMIT 1
Completed   in 190ms

NameError (undefined local variable or method `root_path' for #<Devise::RegistrationsController:0x9b8e224>):
  

Rendered /home/robert/.rvm/gems/ruby-1.9.2-head/gems/actionpack-3.0.0/lib/action_dispatch/middleware/templates/rescues/_trace.erb (1.3ms)
Rendered /home/robert/.rvm/gems/ruby-1.9.2-head/gems/actionpack-3.0.0/lib/action_dispatch/middleware/templates/rescues/_request_and_response.erb (91.2ms)
Rendered /home/robert/.rvm/gems/ruby-1.9.2-head/gems/actionpack-3.0.0/lib/action_dispatch/middleware/templates/rescues/diagnostics.erb within rescues/layout (102.1ms)


Started GET "/users/sign_up" for 127.0.0.1 at 2010-10-02 16:21:00 +0200
  Processing by Devise::RegistrationsController#new as HTML
  [1m[36mUser Load (0.4ms)[0m  [1mSELECT "users".* FROM "users" WHERE ("users"."id" = 2) LIMIT 1[0m
Redirected to http://localhost:3000/
Completed 302 Found in 16ms


Started GET "/users/sign_up" for 127.0.0.1 at 2010-10-02 16:21:07 +0200
  Processing by Devise::RegistrationsController#new as HTML
  [1m[35mUser Load (13.7ms)[0m  SELECT "users".* FROM "users" WHERE ("users"."id" = 2) LIMIT 1
Redirected to http://localhost:3000/
Completed 302 Found in 94ms


Started GET "/users/sign_off" for 127.0.0.1 at 2010-10-02 16:21:22 +0200
  Processing by UsersController#show as HTML
  Parameters: {"id"=>"sign_off"}
  [1m[36mUser Load (0.2ms)[0m  [1mSELECT "users".* FROM "users" WHERE ("users"."id" = 0) LIMIT 1[0m
Completed   in 31ms

ActiveRecord::RecordNotFound (Couldn't find User with ID=sign_off):
  app/controllers/users_controller.rb:16:in `show'

Rendered /home/robert/.rvm/gems/ruby-1.9.2-head/gems/actionpack-3.0.0/lib/action_dispatch/middleware/templates/rescues/_trace.erb (1.9ms)
Rendered /home/robert/.rvm/gems/ruby-1.9.2-head/gems/actionpack-3.0.0/lib/action_dispatch/middleware/templates/rescues/_request_and_response.erb (256.4ms)
Rendered /home/robert/.rvm/gems/ruby-1.9.2-head/gems/actionpack-3.0.0/lib/action_dispatch/middleware/templates/rescues/diagnostics.erb within rescues/layout (268.4ms)


Started GET "/users/sign_out" for 127.0.0.1 at 2010-10-02 16:21:44 +0200
  Processing by Devise::SessionsController#destroy as HTML
  [1m[35mUser Load (11.2ms)[0m  SELECT "users".* FROM "users" WHERE ("users"."id" = 2) LIMIT 1
Redirected to http://localhost:3000/
Completed 302 Found in 73ms


Started GET "/users/sign_up" for 127.0.0.1 at 2010-10-02 16:21:54 +0200
  Processing by Devise::RegistrationsController#new as HTML
Rendered /home/robert/.rvm/gems/ruby-1.9.2-head/gems/devise-1.1.3/app/views/devise/shared/_links.erb (2.8ms)
Rendered /home/robert/.rvm/gems/ruby-1.9.2-head/gems/devise-1.1.3/app/views/devise/registrations/new.html.erb within layouts/application (29.6ms)
Completed 200 OK in 65ms (Views: 45.4ms | ActiveRecord: 0.0ms)


Started POST "/users" for 127.0.0.1 at 2010-10-02 16:22:08 +0200
  Processing by Devise::RegistrationsController#create as HTML
  Parameters: {"utf8"=>"âœ“", "authenticity_token"=>"8heJJk6DgbaXU5xlZqNvF8+2hQVO4WMoApR/r3DzNbE=", "user"=>{"email"=>"new@test.com", "password"=>"[FILTERED]", "password_confirmation"=>"[FILTERED]"}, "commit"=>"Sign up"}
  [1m[36mSQL (1.2ms)[0m  [1mINSERT INTO "users" ("created_at", "email", "encrypted_password", "name", "password_salt", "updated_at") VALUES ('2010-10-02 14:22:08.753173', 'new@test.com', '$2a$10$YlfsN0luWBfgQovDbUxctumDi4FmJRFHVFdlCeOClHt9aiwOnPyYm', NULL, '$2a$10$YlfsN0luWBfgQovDbUxctu', '2010-10-02 14:22:08.753173')[0m
Redirected to http://localhost:3000/
Completed 302 Found in 262ms


Started GET "/users/sign_out" for 127.0.0.1 at 2010-10-02 16:22:30 +0200
  Processing by Devise::SessionsController#destroy as HTML
  [1m[35mUser Load (0.1ms)[0m  SELECT "users".* FROM "users" WHERE ("users"."id" = 3) LIMIT 1
Redirected to http://localhost:3000/
Completed 302 Found in 27ms


Started GET "/users/sign_in" for 127.0.0.1 at 2010-10-02 16:22:43 +0200
  Processing by Devise::SessionsController#new as HTML
Rendered /home/robert/.rvm/gems/ruby-1.9.2-head/gems/devise-1.1.3/app/views/devise/shared/_links.erb (2.6ms)
Rendered /home/robert/.rvm/gems/ruby-1.9.2-head/gems/devise-1.1.3/app/views/devise/sessions/new.html.erb within layouts/application (14.1ms)
Completed 200 OK in 155ms (Views: 31.9ms | ActiveRecord: 0.0ms)


Started POST "/users/sign_in" for 127.0.0.1 at 2010-10-02 16:22:50 +0200
  Processing by Devise::SessionsController#create as HTML
  Parameters: {"utf8"=>"âœ“", "authenticity_token"=>"8heJJk6DgbaXU5xlZqNvF8+2hQVO4WMoApR/r3DzNbE=", "user"=>{"email"=>"new@test.com", "password"=>"[FILTERED]"}, "commit"=>"Sign in"}
  [1m[36mUser Load (0.7ms)[0m  [1mSELECT "users".* FROM "users" WHERE ("users"."email" = 'new@test.com') LIMIT 1[0m
Redirected to http://localhost:3000/
Completed 302 Found in 326ms


Started GET "/users" for 127.0.0.1 at 2010-10-02 16:28:48 +0200
  Processing by UsersController#index as HTML
  [1m[35mUser Load (1.2ms)[0m  SELECT "users".* FROM "users"
  [1m[36mUser Load (0.5ms)[0m  [1mSELECT "users".* FROM "users" WHERE ("users"."id" = 3) LIMIT 1[0m
Rendered users/index.html.erb within layouts/application (309.7ms)
Completed   in 322ms

ActionView::Template::Error (undefined local variable or method `destroy_user_serssion_path' for #<#<Class:0x9960ee8>:0x995f034>):
    10:   <div id="user_nav">
    11:     <% if user_signed_in? %>
    12:       Signed in as <%= current_user.email %>.
    13:       <%= link_tp "Sign out", destroy_user_serssion_path %>
    14:     <% else %>
    15:       <%= link_to "Sign in" %> or <%= link_to "Sign up" %>
    16:     <%end%>
  app/views/layouts/application.html.erb:13:in `_app_views_layouts_application_html_erb__761719288_80378460__423810241'
  app/controllers/users_controller.rb:7:in `index'

Rendered /home/robert/.rvm/gems/ruby-1.9.2-head/gems/actionpack-3.0.0/lib/action_dispatch/middleware/templates/rescues/_trace.erb (31.5ms)
Rendered /home/robert/.rvm/gems/ruby-1.9.2-head/gems/actionpack-3.0.0/lib/action_dispatch/middleware/templates/rescues/_request_and_response.erb (64.4ms)
Rendered /home/robert/.rvm/gems/ruby-1.9.2-head/gems/actionpack-3.0.0/lib/action_dispatch/middleware/templates/rescues/template_error.erb within rescues/layout (127.7ms)


Started GET "/users" for 127.0.0.1 at 2010-10-02 16:29:10 +0200
  Processing by UsersController#index as HTML
  [1m[35mUser Load (3.3ms)[0m  SELECT "users".* FROM "users"
  [1m[36mUser Load (0.5ms)[0m  [1mSELECT "users".* FROM "users" WHERE ("users"."id" = 3) LIMIT 1[0m
Rendered users/index.html.erb within layouts/application (251.1ms)
Completed   in 285ms

ActionView::Template::Error (undefined method `link_tp' for #<#<Class:0x9a98f18>:0x9a8362c>):
    10:   <div id="user_nav">
    11:     <% if user_signed_in? %>
    12:       Signed in as <%= current_user.email %>.
    13:       <%= link_tp "Sign out", destroy_user_session_path %>
    14:     <% else %>
    15:       <%= link_to "Sign in" %> or <%= link_to "Sign up" %>
    16:     <%end%>
  app/views/layouts/application.html.erb:13:in `_app_views_layouts_application_html_erb__761719288_80998470__423810241'
  app/controllers/users_controller.rb:7:in `index'

Rendered /home/robert/.rvm/gems/ruby-1.9.2-head/gems/actionpack-3.0.0/lib/action_dispatch/middleware/templates/rescues/_trace.erb (6.3ms)
Rendered /home/robert/.rvm/gems/ruby-1.9.2-head/gems/actionpack-3.0.0/lib/action_dispatch/middleware/templates/rescues/_request_and_response.erb (83.4ms)
Rendered /home/robert/.rvm/gems/ruby-1.9.2-head/gems/actionpack-3.0.0/lib/action_dispatch/middleware/templates/rescues/template_error.erb within rescues/layout (101.7ms)


Started GET "/users" for 127.0.0.1 at 2010-10-02 16:30:55 +0200
  Processing by UsersController#index as HTML
  [1m[35mUser Load (1.3ms)[0m  SELECT "users".* FROM "users"
  [1m[36mUser Load (0.6ms)[0m  [1mSELECT "users".* FROM "users" WHERE ("users"."id" = 3) LIMIT 1[0m
Rendered users/index.html.erb within layouts/application (25.1ms)
Completed 200 OK in 82ms (Views: 31.8ms | ActiveRecord: 2.0ms)


Started GET "/users/sign_out" for 127.0.0.1 at 2010-10-02 16:30:58 +0200
  Processing by Devise::SessionsController#destroy as HTML
  [1m[35mUser Load (1.3ms)[0m  SELECT "users".* FROM "users" WHERE ("users"."id" = 3) LIMIT 1
Redirected to http://localhost:3000/
Completed 302 Found in 51ms
